
ff: parsing domain file
domain 'COACHINGPOTATOPLANNER' defined
 ... done.
ff: parsing problem file
problem 'NIVEL_BASICO' defined
 ... done.


no metric specified. plan length assumed.

checking for cyclic := effects --- OK.

ff: search configuration is EHC, if that fails then  best-first on 1*g(s) + 5*h(s) where
    metric is  plan length

Cueing down from goal distance:   36 into depth [1]
                                  35            [1]
                                  34            [1]
                                  33            [1][2]
                                  32            [1]
                                  31            [1][2]
                                  30            [1]
                                  29            [1][2]
                                  25            [1][2][3]
                                  24            [1]
                                  23            [1]
                                  22            [1]
                                  21            [1][2]
                                  20            [1]
                                  19            [1][2]
                                  17            [1]
                                  16            [1]
                                  15            [1]
                                  14            [1]
                                  13            [1]
                                  12            [1]
                                  11            [1]
                                  10            [1][2][3]
                                   9            [1]
                                   8            [1]
                                   7            [1]
                                   6            [1]
                                   5            [1][2]
                                   3            [1][2][3][4][5][6][7][8][9][10]
                                   2            [1]
                                   1            [1]
                                   0            

ff: found legal plan as follows

step    0: ASIGNAR E1 D0
        1: ASIGNAR E4 D0
        2: COMPLETADO E4
        3: ASIGNAR E9 D0
        4: ASIGNAR E7 D0
        5: ASIGNAR E6 D0
        6: ASIGNAR E2 D0
        7: ASIGNAR E5 D0
        8: ASIGNAR E8 D0
        9: ASIGNAR E3 D0
       10: DIA_SIGUIENTE
       11: ASIGNAR E1 D1
       12: COMPLETADO E1
       13: ASIGNAR E9 D1
       14: ASIGNAR E7 D1
       15: ASIGNAR E6 D1
       16: ASIGNAR E4 D1
       17: ASIGNAR E2 D1
       18: ASIGNAR E5 D1
       19: ASIGNAR E8 D1
       20: ASIGNAR E3 D1
       21: DIA_SIGUIENTE
       22: ASIGNAR E1 D2
       23: ASIGNAR E9 D2
       24: COMPLETADO E9
       25: ASIGNAR E7 D2
       26: COMPLETADO E7
       27: ASIGNAR E6 D2
       28: COMPLETADO E6
       29: ASIGNAR E2 D2
       30: COMPLETADO E2
       31: ASIGNAR E5 D2
       32: COMPLETADO E5
       33: ASIGNAR E8 D2
       34: COMPLETADO E8
       35: ASIGNAR E4 D2
       36: ASIGNAR E3 D2
       37: DIA_SIGUIENTE
       38: ASIGNAR E3 D3
       39: ASIGNAR E1 D3
       40: ASIGNAR E2 D3
       41: ASIGNAR E5 D3
       42: ASIGNAR E9 D3
       43: ASIGNAR E8 D3
       44: ASIGNAR E7 D3
       45: ASIGNAR E6 D3
       46: ASIGNAR E4 D3
       47: DIA_SIGUIENTE
       48: ASIGNAR E3 D4
       49: COMPLETADO E3
     

time spent:    0.00 seconds instantiating 10 easy, 135 hard action templates
               0.00 seconds reachability analysis, yielding 279 facts and 145 actions
               0.00 seconds creating final representation with 279 relevant facts, 58 relevant fluents
               0.00 seconds computing LNF
               0.00 seconds building connectivity graph
               0.02 seconds searching, evaluating 361 states, to a max depth of 10
               0.02 seconds total time

